<?xml version="1.0" encoding="UTF-8"?>
<!-- Generated by org.testng.reporters.JUnitReportReporter -->
<testsuite hostname="LAPTOP-Q3JCMTD1" failures="0" tests="3" name="com.store.testCases.LoginLogOffTest" time="70.731" errors="0" timestamp="20 Oct 2021 16:06:56 GMT" skipped="0">
  <testcase classname="com.store.testCases.LoginLogOffTest" name="validLoginTest" time="14.499"/>
  <testcase classname="com.store.testCases.LoginLogOffTest" name="logOffTest" time="17.036"/>
  <testcase classname="com.store.testCases.LoginLogOffTest" name="invalidLoginTest" time="39.196"/>
</testsuite> <!-- com.store.testCases.LoginLogOffTest -->
