<?xml version="1.0" encoding="UTF-8"?>
<!-- Generated by org.testng.reporters.JUnitReportReporter -->
<testsuite hostname="LAPTOP-Q3JCMTD1" failures="0" tests="1" name="com.store.testCases.ReviewTest" time="31.952" errors="0" timestamp="20 Oct 2021 16:06:56 GMT" skipped="0">
  <testcase classname="com.store.testCases.ReviewTest" name="writeReviewTest" time="31.952"/>
</testsuite> <!-- com.store.testCases.ReviewTest -->
