<?xml version="1.0" encoding="UTF-8"?>
<!-- Generated by org.testng.reporters.JUnitReportReporter -->
<testsuite hostname="LAPTOP-Q3JCMTD1" failures="0" tests="6" name="com.store.testCases.SearchTests" time="142.008" errors="0" timestamp="20 Oct 2021 16:06:56 GMT" skipped="0">
  <testcase classname="com.store.testCases.SearchTests" name="itemsSearchTest" time="14.651"/>
  <testcase classname="com.store.testCases.SearchTests" name="itemsSearchTest" time="32.501"/>
  <testcase classname="com.store.testCases.SearchTests" name="manufacturerTest" time="13.045"/>
  <testcase classname="com.store.testCases.SearchTests" name="itemsSearchTest" time="32.537"/>
  <testcase classname="com.store.testCases.SearchTests" name="itemsSearchTest" time="12.362"/>
  <testcase classname="com.store.testCases.SearchTests" name="itemsSearchTest" time="36.912"/>
</testsuite> <!-- com.store.testCases.SearchTests -->
