<?xml version="1.0" encoding="UTF-8"?>
<!-- Generated by org.testng.reporters.JUnitReportReporter -->
<testsuite hostname="LAPTOP-Q3JCMTD1" failures="0" tests="2" name="com.store.testCases.AccountCreationTests" time="40.138" errors="0" timestamp="20 Oct 2021 16:06:56 GMT" skipped="0">
  <testcase classname="com.store.testCases.AccountCreationTests" name="createAccountCaseTest" time="19.201"/>
  <testcase classname="com.store.testCases.AccountCreationTests" name="createAccountTest" time="20.937"/>
</testsuite> <!-- com.store.testCases.AccountCreationTests -->
